src/App.tsx(102,134): error TS2552: Cannot find name 'FileId'. Did you mean 'File'?
src/App.tsx(245,16): error TS2345: Argument of type '(prev: ProjectState) => { files: FileNode[]; activeFile: string | null; id: string; name: string; }' is not assignable to parameter of type 'SetStateAction<ProjectState>'.
  Type '(prev: ProjectState) => { files: FileNode[]; activeFile: string | null; id: string; name: string; }' is not assignable to type '(prevState: ProjectState) => ProjectState'.
    Call signature return types '{ files: FileNode[]; activeFile: string | null; id: string; name: string; }' and 'ProjectState' are incompatible.
      The types of 'activeFile' are incompatible between these types.
        Type 'string | null' is not assignable to type 'FileId | null'.
          Type 'string' is not assignable to type 'FileId'.
            Type 'string' is not assignable to type '{ __brand: "FileId"; }'.
src/App.tsx(345,20): error TS2345: Argument of type '(prev: ProjectState) => { activeFile: string; id: string; name: string; files: FileNode[]; }' is not assignable to parameter of type 'SetStateAction<ProjectState>'.
  Type '(prev: ProjectState) => { activeFile: string; id: string; name: string; files: FileNode[]; }' is not assignable to type '(prevState: ProjectState) => ProjectState'.
    Call signature return types '{ activeFile: string; id: string; name: string; files: FileNode[]; }' and 'ProjectState' are incompatible.
      The types of 'activeFile' are incompatible between these types.
        Type 'string' is not assignable to type 'FileId'.
          Type 'string' is not assignable to type '{ __brand: "FileId"; }'.
src/App.tsx(607,26): error TS2678: Type '"forge"' is not comparable to type 'ActiveView'.
src/App.tsx(608,26): error TS2678: Type '"pipelines"' is not comparable to type 'ActiveView'.
src/App.tsx(609,26): error TS2678: Type '"behavior"' is not comparable to type 'ActiveView'.
src/App.tsx(610,26): error TS2678: Type '"narrative"' is not comparable to type 'ActiveView'.
src/App.tsx(612,26): error TS2678: Type '"world"' is not comparable to type 'ActiveView'.
src/App.tsx(620,26): error TS2678: Type '"data"' is not comparable to type 'ActiveView'.
src/App.tsx(630,26): error TS2678: Type '"collab"' is not comparable to type 'ActiveView'.
src/App.tsx(631,26): error TS2678: Type '"deploy"' is not comparable to type 'ActiveView'.
src/App.tsx(633,26): error TS2678: Type '"rsmv"' is not comparable to type 'ActiveView'.
src/App.tsx(634,26): error TS2678: Type '"shader"' is not comparable to type 'ActiveView'.
src/App.tsx(642,26): error TS2678: Type '"matrix"' is not comparable to type 'ActiveView'.
src/components/GameDashboard.tsx(214,12): error TS2678: Type '"mesh"' is not comparable to type '"npc" | "prop" | "light" | "trigger"'.
src/components/GameDashboard.tsx(222,12): error TS2678: Type '"camera"' is not comparable to type '"npc" | "prop" | "light" | "trigger"'.
src/components/GameDashboard.tsx(305,9): error TS2322: Type '"mesh"' is not assignable to type '"npc" | "prop" | "light" | "trigger"'.
src/components/GameDashboard.tsx(738,19): error TS2322: Type '"mesh"' is not assignable to type '"npc" | "prop" | "light" | "trigger"'.
src/services/ai/contextService.test.ts(16,66): error TS2322: Type '"prod"' is not assignable to type 'ProjectEnv | undefined'.
src/services/ai/contextService.ts(22,9): error TS2322: Type '"dev"' is not assignable to type 'ProjectEnv'.
src/services/ai/universalOrchestrator.ts(51,17): error TS2353: Object literal may only specify known properties, and 'invocationType' does not exist in type 'ModelRequest'.

